# JRE version: Java(TM) SE Runtime Environment (8.0_281-b09) (build 1.8.0_281-b09)
# Java VM: Java HotSpot(TM) 64-Bit Server VM (25.281-b09 mixed mode windows-amd64 compressed oops)
Heap:
 PSYoungGen      total 276480K, used 6260K [0x00000000e0780000, 0x00000000f3900000, 0x0000000100000000)
  eden space 269824K, 0% used [0x00000000e0780000,0x00000000e0780000,0x00000000f0f00000)
  from space 6656K, 94% used [0x00000000f2100000,0x00000000f271d048,0x00000000f2780000)
  to   space 17920K, 0% used [0x00000000f2780000,0x00000000f2780000,0x00000000f3900000)
 ParOldGen       total 90624K, used 24369K [0x00000000a1600000, 0x00000000a6e80000, 0x00000000e0780000)
  object space 90624K, 26% used [0x00000000a1600000,0x00000000a2dcc530,0x00000000a6e80000)
 Metaspace       used 65933K, capacity 70010K, committed 70232K, reserved 1110016K
  class space    used 9579K, capacity 10264K, committed 10368K, reserved 1048576K
GC Heap History (10 events):
Event: 10.838 GC heap after
Heap after GC invocations=12 (full 2):
 PSYoungGen      total 234496K, used 12788K [0x00000000e0780000, 0x00000000f0300000, 0x0000000100000000)
  eden space 221696K, 0% used [0x00000000e0780000,0x00000000e0780000,0x00000000ee000000)
  from space 12800K, 99% used [0x00000000ef680000,0x00000000f02fd0e8,0x00000000f0300000)
  to   space 17920K, 0% used [0x00000000ee000000,0x00000000ee000000,0x00000000ef180000)
 ParOldGen       total 61952K, used 24810K [0x00000000a1600000, 0x00000000a5280000, 0x00000000e0780000)
  object space 61952K, 40% used [0x00000000a1600000,0x00000000a2e3a990,0x00000000a5280000)
 Metaspace       used 51937K, capacity 54504K, committed 54784K, reserved 1095680K
  class space    used 7605K, capacity 8089K, committed 8192K, reserved 1048576K
}
Event: 12.037 GC heap before
{Heap before GC invocations=13 (full 2):
 PSYoungGen      total 234496K, used 55314K [0x00000000e0780000, 0x00000000f0300000, 0x0000000100000000)
  eden space 221696K, 19% used [0x00000000e0780000,0x00000000e3107a68,0x00000000ee000000)
  from space 12800K, 99% used [0x00000000ef680000,0x00000000f02fd0e8,0x00000000f0300000)
  to   space 17920K, 0% used [0x00000000ee000000,0x00000000ee000000,0x00000000ef180000)
 ParOldGen       total 61952K, used 24810K [0x00000000a1600000, 0x00000000a5280000, 0x00000000e0780000)
  object space 61952K, 40% used [0x00000000a1600000,0x00000000a2e3a990,0x00000000a5280000)
 Metaspace       used 55922K, capacity 59088K, committed 59096K, reserved 1099776K
  class space    used 8118K, capacity 8696K, committed 8704K, reserved 1048576K
Event: 12.052 GC heap after
Heap after GC invocations=13 (full 2):
 PSYoungGen      total 239616K, used 4696K [0x00000000e0780000, 0x00000000f4980000, 0x0000000100000000)
  eden space 221696K, 0% used [0x00000000e0780000,0x00000000e0780000,0x00000000ee000000)
  from space 17920K, 26% used [0x00000000ee000000,0x00000000ee496258,0x00000000ef180000)
  to   space 17408K, 0% used [0x00000000f3880000,0x00000000f3880000,0x00000000f4980000)
 ParOldGen       total 61952K, used 32430K [0x00000000a1600000, 0x00000000a5280000, 0x00000000e0780000)
  object space 61952K, 52% used [0x00000000a1600000,0x00000000a35abbb8,0x00000000a5280000)
 Metaspace       used 55922K, capacity 59088K, committed 59096K, reserved 1099776K
  class space    used 8118K, capacity 8696K, committed 8704K, reserved 1048576K
}
Event: 12.052 GC heap before
{Heap before GC invocations=14 (full 3):
 PSYoungGen      total 239616K, used 4696K [0x00000000e0780000, 0x00000000f4980000, 0x0000000100000000)
  eden space 221696K, 0% used [0x00000000e0780000,0x00000000e0780000,0x00000000ee000000)
  from space 17920K, 26% used [0x00000000ee000000,0x00000000ee496258,0x00000000ef180000)
  to   space 17408K, 0% used [0x00000000f3880000,0x00000000f3880000,0x00000000f4980000)
 ParOldGen       total 61952K, used 32430K [0x00000000a1600000, 0x00000000a5280000, 0x00000000e0780000)
  object space 61952K, 52% used [0x00000000a1600000,0x00000000a35abbb8,0x00000000a5280000)
 Metaspace       used 55922K, capacity 59088K, committed 59096K, reserved 1099776K
  class space    used 8118K, capacity 8696K, committed 8704K, reserved 1048576K
Event: 12.249 GC heap after
Heap after GC invocations=14 (full 3):
 PSYoungGen      total 239616K, used 0K [0x00000000e0780000, 0x00000000f4980000, 0x0000000100000000)
  eden space 221696K, 0% used [0x00000000e0780000,0x00000000e0780000,0x00000000ee000000)
  from space 17920K, 0% used [0x00000000ee000000,0x00000000ee000000,0x00000000ef180000)
  to   space 17408K, 0% used [0x00000000f3880000,0x00000000f3880000,0x00000000f4980000)
 ParOldGen       total 90624K, used 24289K [0x00000000a1600000, 0x00000000a6e80000, 0x00000000e0780000)
  object space 90624K, 26% used [0x00000000a1600000,0x00000000a2db8520,0x00000000a6e80000)
 Metaspace       used 55922K, capacity 59088K, committed 59096K, reserved 1099776K
  class space    used 8118K, capacity 8696K, committed 8704K, reserved 1048576K
}
Event: 453.543 GC heap before
{Heap before GC invocations=15 (full 3):
 PSYoungGen      total 239616K, used 221696K [0x00000000e0780000, 0x00000000f4980000, 0x0000000100000000)
  eden space 221696K, 100% used [0x00000000e0780000,0x00000000ee000000,0x00000000ee000000)
  from space 17920K, 0% used [0x00000000ee000000,0x00000000ee000000,0x00000000ef180000)
  to   space 17408K, 0% used [0x00000000f3880000,0x00000000f3880000,0x00000000f4980000)
 ParOldGen       total 90624K, used 24289K [0x00000000a1600000, 0x00000000a6e80000, 0x00000000e0780000)
  object space 90624K, 26% used [0x00000000a1600000,0x00000000a2db8520,0x00000000a6e80000)
 Metaspace       used 65790K, capacity 69786K, committed 69976K, reserved 1110016K
  class space    used 9547K, capacity 10241K, committed 10368K, reserved 1048576K
Event: 453.561 GC heap after
Heap after GC invocations=15 (full 3):
 PSYoungGen      total 283648K, used 13544K [0x00000000e0780000, 0x00000000f4600000, 0x0000000100000000)
  eden space 269824K, 0% used [0x00000000e0780000,0x00000000e0780000,0x00000000f0f00000)
  from space 13824K, 97% used [0x00000000f3880000,0x00000000f45ba328,0x00000000f4600000)
  to   space 18944K, 0% used [0x00000000f2100000,0x00000000f2100000,0x00000000f3380000)
 ParOldGen       total 90624K, used 24361K [0x00000000a1600000, 0x00000000a6e80000, 0x00000000e0780000)
  object space 90624K, 26% used [0x00000000a1600000,0x00000000a2dca530,0x00000000a6e80000)
 Metaspace       used 65790K, capacity 69786K, committed 69976K, reserved 1110016K
  class space    used 9547K, capacity 10241K, committed 10368K, reserved 1048576K
}
Event: 736.427 GC heap before
{Heap before GC invocations=16 (full 3):
 PSYoungGen      total 283648K, used 81185K [0x00000000e0780000, 0x00000000f4600000, 0x0000000100000000)
  eden space 269824K, 25% used [0x00000000e0780000,0x00000000e498e280,0x00000000f0f00000)
  from space 13824K, 97% used [0x00000000f3880000,0x00000000f45ba328,0x00000000f4600000)
  to   space 18944K, 0% used [0x00000000f2100000,0x00000000f2100000,0x00000000f3380000)
 ParOldGen       total 90624K, used 24361K [0x00000000a1600000, 0x00000000a6e80000, 0x00000000e0780000)
  object space 90624K, 26% used [0x00000000a1600000,0x00000000a2dca530,0x00000000a6e80000)
 Metaspace       used 65933K, capacity 70010K, committed 70232K, reserved 1110016K
  class space    used 9579K, capacity 10264K, committed 10368K, reserved 1048576K
Event: 736.457 GC heap after
Heap after GC invocations=16 (full 3):
 PSYoungGen      total 276480K, used 6260K [0x00000000e0780000, 0x00000000f3900000, 0x0000000100000000)
  eden space 269824K, 0% used [0x00000000e0780000,0x00000000e0780000,0x00000000f0f00000)
  from space 6656K, 94% used [0x00000000f2100000,0x00000000f271d048,0x00000000f2780000)
  to   space 17920K, 0% used [0x00000000f2780000,0x00000000f2780000,0x00000000f3900000)
 ParOldGen       total 90624K, used 24369K [0x00000000a1600000, 0x00000000a6e80000, 0x00000000e0780000)
  object space 90624K, 26% used [0x00000000a1600000,0x00000000a2dcc530,0x00000000a6e80000)
 Metaspace       used 65933K, capacity 70010K, committed 70232K, reserved 1110016K
  class space    used 9579K, capacity 10264K, committed 10368K, reserved 1048576K
}
Event: 736.457 GC heap before
{Heap before GC invocations=17 (full 4):
 PSYoungGen      total 276480K, used 6260K [0x00000000e0780000, 0x00000000f3900000, 0x0000000100000000)
  eden space 269824K, 0% used [0x00000000e0780000,0x00000000e0780000,0x00000000f0f00000)
  from space 6656K, 94% used [0x00000000f2100000,0x00000000f271d048,0x00000000f2780000)
  to   space 17920K, 0% used [0x00000000f2780000,0x00000000f2780000,0x00000000f3900000)
 ParOldGen       total 90624K, used 24369K [0x00000000a1600000, 0x00000000a6e80000, 0x00000000e0780000)
  object space 90624K, 26% used [0x00000000a1600000,0x00000000a2dcc530,0x00000000a6e80000)
 Metaspace       used 65933K, capacity 70010K, committed 70232K, reserved 1110016K
  class space    used 9579K, capacity 10264K, committed 10368K, reserved 1048576K

